\BOOKMARK [0][-]{Doc-Start}{\376\377\000L\000i\000s\000t\000\040\000o\000f\000\040\000F\000i\000g\000u\000r\000e\000s}{}% 1
\BOOKMARK [0][-]{Doc-Start}{\376\377\000L\000i\000s\000t\000\040\000o\000f\000\040\000T\000a\000b\000l\000e\000s}{}% 2
\BOOKMARK [0][-]{chapter.1}{\376\377\000I\000n\000t\000r\000o\000d\000u\000c\000t\000i\000o\000n}{}% 3
\BOOKMARK [1][-]{section.1.1}{\376\377\000P\000u\000r\000p\000o\000s\000e\000\040\000o\000f\000\040\000t\000h\000i\000s\000\040\000D\000o\000c\000u\000m\000e\000n\000t}{chapter.1}% 4
\BOOKMARK [1][-]{section.1.2}{\376\377\000I\000n\000t\000e\000n\000d\000e\000d\000\040\000A\000u\000d\000i\000e\000n\000c\000e}{chapter.1}% 5
\BOOKMARK [1][-]{section.1.3}{\376\377\000D\000e\000f\000i\000n\000i\000t\000i\000o\000n\000s\000,\000\040\000A\000c\000r\000o\000n\000y\000m\000s\000,\000\040\000a\000n\000d\000\040\000A\000b\000b\000r\000e\000v\000i\000a\000t\000i\000o\000n\000s}{chapter.1}% 6
\BOOKMARK [1][-]{section.1.4}{\376\377\000C\000o\000n\000c\000l\000u\000s\000i\000o\000n}{chapter.1}% 7
\BOOKMARK [0][-]{chapter.2}{\376\377\000P\000r\000o\000j\000e\000c\000t\000\040\000V\000i\000s\000i\000o\000n}{}% 8
\BOOKMARK [1][-]{section.2.1}{\376\377\000P\000r\000o\000b\000l\000e\000m\000\040\000D\000o\000m\000a\000i\000n\000\040\000O\000v\000e\000r\000v\000i\000e\000w}{chapter.2}% 9
\BOOKMARK [1][-]{section.2.2}{\376\377\000P\000r\000o\000b\000l\000e\000m\000\040\000S\000t\000a\000t\000e\000m\000e\000n\000t}{chapter.2}% 10
\BOOKMARK [1][-]{section.2.3}{\376\377\000P\000r\000o\000b\000l\000e\000m\000\040\000E\000l\000a\000b\000o\000r\000a\000t\000i\000o\000n}{chapter.2}% 11
\BOOKMARK [1][-]{section.2.4}{\376\377\000G\000o\000a\000l\000s\000\040\000a\000n\000d\000\040\000O\000b\000j\000e\000c\000t\000i\000v\000e\000s}{chapter.2}% 12
\BOOKMARK [1][-]{section.2.5}{\376\377\000P\000r\000o\000j\000e\000c\000t\000\040\000S\000c\000o\000p\000e}{chapter.2}% 13
\BOOKMARK [1][-]{section.2.6}{\376\377\000S\000u\000s\000t\000a\000i\000n\000a\000b\000l\000e\000\040\000D\000e\000v\000e\000l\000o\000p\000m\000e\000n\000t\000\040\000G\000o\000a\000l\000\040\000\050\000S\000D\000G\000\051}{chapter.2}% 14
\BOOKMARK [1][-]{section.2.7}{\376\377\000C\000o\000n\000s\000t\000r\000a\000i\000n\000t\000s}{chapter.2}% 15
\BOOKMARK [1][-]{section.2.8}{\376\377\000B\000u\000s\000i\000n\000e\000s\000s\000\040\000O\000p\000p\000o\000r\000t\000u\000n\000i\000t\000y}{chapter.2}% 16
\BOOKMARK [1][-]{section.2.9}{\376\377\000S\000t\000a\000k\000e\000h\000o\000l\000d\000e\000r\000s\000\040\000D\000e\000s\000c\000r\000i\000p\000t\000i\000o\000n\000/\000\040\000U\000s\000e\000r\000\040\000C\000h\000a\000r\000a\000c\000t\000e\000r\000i\000s\000t\000i\000c\000s}{chapter.2}% 17
\BOOKMARK [2][-]{subsection.2.9.1}{\376\377\000S\000t\000a\000k\000e\000h\000o\000l\000d\000e\000r\000s\000\040\000S\000u\000m\000m\000a\000r\000y}{section.2.9}% 18
\BOOKMARK [2][-]{subsection.2.9.2}{\376\377\000K\000e\000y\000\040\000H\000i\000g\000h\000-\000L\000e\000v\000e\000l\000\040\000G\000o\000a\000l\000s\000\040\000a\000n\000d\000\040\000P\000r\000o\000b\000l\000e\000m\000s\000\040\000o\000f\000\040\000S\000t\000a\000k\000e\000h\000o\000l\000d\000e\000r\000s}{section.2.9}% 19
\BOOKMARK [0][-]{chapter.3}{\376\377\000L\000i\000t\000e\000r\000a\000t\000u\000r\000e\000\040\000R\000e\000v\000i\000e\000w\000\040\000/\000\040\000R\000e\000l\000a\000t\000e\000d\000\040\000W\000o\000r\000k}{}% 20
\BOOKMARK [1][-]{section.3.1}{\376\377\000D\000e\000f\000i\000n\000i\000t\000i\000o\000n\000s\000,\000\040\000A\000c\000r\000o\000n\000y\000m\000s\000,\000\040\000a\000n\000d\000\040\000A\000b\000b\000r\000e\000v\000i\000a\000t\000i\000o\000n\000s}{chapter.3}% 21
\BOOKMARK [1][-]{section.3.2}{\376\377\000D\000e\000t\000a\000i\000l\000e\000d\000\040\000L\000i\000t\000e\000r\000a\000t\000u\000r\000e\000\040\000R\000e\000v\000i\000e\000w}{chapter.3}% 22
\BOOKMARK [2][-]{subsection.3.2.1}{\376\377\000G\000o\000o\000g\000l\000e\000\040\000C\000l\000a\000s\000s\000r\000o\000o\000m}{section.3.2}% 23
\BOOKMARK [2][-]{subsection.3.2.2}{\376\377\000G\000r\000a\000d\000e\000s\000c\000o\000p\000e}{section.3.2}% 24
\BOOKMARK [2][-]{subsection.3.2.3}{\376\377\000M\000i\000c\000r\000o\000s\000o\000f\000t\000\040\000T\000e\000a\000m\000s}{section.3.2}% 25
\BOOKMARK [2][-]{subsection.3.2.4}{\376\377\000B\000a\000s\000e\000c\000a\000m\000p}{section.3.2}% 26
\BOOKMARK [2][-]{subsection.3.2.5}{\376\377\000M\000o\000o\000d\000l\000e}{section.3.2}% 27
\BOOKMARK [2][-]{subsection.3.2.6}{\376\377\000C\000a\000n\000v\000a\000s}{section.3.2}% 28
\BOOKMARK [2][-]{subsection.3.2.7}{\376\377\000S\000a\000k\000a\000i}{section.3.2}% 29
\BOOKMARK [2][-]{subsection.3.2.8}{\376\377\000B\000l\000a\000c\000k\000b\000o\000a\000r\000d}{section.3.2}% 30
\BOOKMARK [2][-]{subsection.3.2.9}{\376\377\000E\000d\000m\000o\000d\000o}{section.3.2}% 31
\BOOKMARK [2][-]{subsection.3.2.10}{\376\377\000B\000r\000i\000g\000h\000t\000s\000p\000a\000c\000e\000\040\000b\000y\000\040\000D\0002\000L}{section.3.2}% 32
\BOOKMARK [1][-]{section.3.3}{\376\377\000L\000i\000t\000e\000r\000a\000t\000u\000r\000e\000\040\000R\000e\000v\000i\000e\000w\000\040\000S\000u\000m\000m\000a\000r\000y\000\040\000T\000a\000b\000l\000e}{chapter.3}% 33
\BOOKMARK [1][-]{section.3.4}{\376\377\000C\000o\000n\000c\000l\000u\000s\000i\000o\000n}{chapter.3}% 34
\BOOKMARK [0][-]{chapter.4}{\376\377\000S\000o\000f\000t\000w\000a\000r\000e\000\040\000R\000e\000q\000u\000i\000r\000e\000m\000e\000n\000t\000\040\000S\000p\000e\000c\000i\000f\000i\000c\000a\000t\000i\000o\000n\000s}{}% 35
\BOOKMARK [1][-]{section.4.1}{\376\377\000L\000i\000s\000t\000\040\000o\000f\000\040\000F\000e\000a\000t\000u\000r\000e\000s}{chapter.4}% 36
\BOOKMARK [1][-]{section.4.2}{\376\377\000F\000u\000n\000c\000t\000i\000o\000n\000a\000l\000\040\000R\000e\000q\000u\000i\000r\000e\000m\000e\000n\000t\000s}{chapter.4}% 37
\BOOKMARK [2][-]{subsection.4.2.1}{\376\377\000F\000u\000n\000c\000t\000i\000o\000n\000a\000l\000\040\000R\000e\000q\000u\000i\000r\000e\000m\000e\000n\000t\000s\000\040\000f\000o\000r\000\040\000S\000t\000u\000d\000e\000n\000t\000s}{section.4.2}% 38
\BOOKMARK [2][-]{subsection.4.2.2}{\376\377\000F\000u\000n\000c\000t\000i\000o\000n\000a\000l\000\040\000R\000e\000q\000u\000i\000r\000e\000m\000e\000n\000t\000s\000\040\000f\000o\000r\000\040\000S\000u\000p\000e\000r\000v\000i\000s\000o\000r\000s}{section.4.2}% 39
\BOOKMARK [2][-]{subsection.4.2.3}{\376\377\000F\000u\000n\000c\000t\000i\000o\000n\000a\000l\000\040\000R\000e\000q\000u\000i\000r\000e\000m\000e\000n\000t\000s\000\040\000f\000o\000r\000\040\000C\000o\000o\000r\000d\000i\000n\000a\000t\000o\000r\000s}{section.4.2}% 40
\BOOKMARK [2][-]{subsection.4.2.4}{\376\377\000F\000u\000n\000c\000t\000i\000o\000n\000a\000l\000\040\000R\000e\000q\000u\000i\000r\000e\000m\000e\000n\000t\000s\000\040\000o\000f\000\040\000t\000h\000e\000\040\000S\000y\000s\000t\000e\000m}{section.4.2}% 41
\BOOKMARK [1][-]{section.4.3}{\376\377\000N\000o\000n\000-\000F\000u\000n\000c\000t\000i\000o\000n\000a\000l\000\040\000R\000e\000q\000u\000i\000r\000e\000m\000e\000n\000t\000s}{chapter.4}% 42
\BOOKMARK [2][-]{subsection.4.3.1}{\376\377\000P\000e\000r\000f\000o\000r\000m\000a\000n\000c\000e}{section.4.3}% 43
\BOOKMARK [2][-]{subsection.4.3.2}{\376\377\000R\000e\000l\000i\000a\000b\000i\000l\000i\000t\000y}{section.4.3}% 44
\BOOKMARK [2][-]{subsection.4.3.3}{\376\377\000U\000s\000a\000b\000i\000l\000i\000t\000y}{section.4.3}% 45
\BOOKMARK [2][-]{subsection.4.3.4}{\376\377\000S\000e\000c\000u\000r\000i\000t\000y}{section.4.3}% 46
\BOOKMARK [2][-]{subsection.4.3.5}{\376\377\000S\000c\000a\000l\000a\000b\000i\000l\000i\000t\000y}{section.4.3}% 47
\BOOKMARK [2][-]{subsection.4.3.6}{\376\377\000M\000a\000i\000n\000t\000a\000i\000n\000a\000b\000i\000l\000i\000t\000y}{section.4.3}% 48
\BOOKMARK [2][-]{subsection.4.3.7}{\376\377\000P\000o\000r\000t\000a\000b\000i\000l\000i\000t\000y}{section.4.3}% 49
\BOOKMARK [1][-]{section.4.4}{\376\377\000A\000s\000s\000u\000m\000p\000t\000i\000o\000n\000s}{chapter.4}% 50
\BOOKMARK [1][-]{section.4.5}{\376\377\000U\000s\000e\000\040\000C\000a\000s\000e\000s}{chapter.4}% 51
\BOOKMARK [1][-]{section.4.6}{\376\377\000H\000a\000r\000d\000w\000a\000r\000e\000\040\000a\000n\000d\000\040\000S\000o\000f\000t\000w\000a\000r\000e\000\040\000R\000e\000q\000u\000i\000r\000e\000m\000e\000n\000t\000s}{chapter.4}% 52
\BOOKMARK [2][-]{subsection.4.6.1}{\376\377\000H\000a\000r\000d\000w\000a\000r\000e\000\040\000R\000e\000q\000u\000i\000r\000e\000m\000e\000n\000t\000s}{section.4.6}% 53
\BOOKMARK [2][-]{subsection.4.6.2}{\376\377\000S\000o\000f\000t\000w\000a\000r\000e\000\040\000R\000e\000q\000u\000i\000r\000e\000m\000e\000n\000t\000s}{section.4.6}% 54
\BOOKMARK [1][-]{section.4.7}{\376\377\000G\000r\000a\000p\000h\000i\000c\000a\000l\000\040\000U\000s\000e\000r\000\040\000I\000n\000t\000e\000r\000f\000a\000c\000e}{chapter.4}% 55
\BOOKMARK [1][-]{section.4.8}{\376\377\000D\000a\000t\000a\000b\000a\000s\000e\000\040\000D\000e\000s\000i\000g\000n}{chapter.4}% 56
\BOOKMARK [2][-]{subsection.4.8.1}{\376\377\000E\000R\000\040\000D\000i\000a\000g\000r\000a\000m}{section.4.8}% 57
\BOOKMARK [2][-]{subsection.4.8.2}{\376\377\000D\000a\000t\000a\000\040\000D\000i\000c\000t\000i\000o\000n\000a\000r\000y}{section.4.8}% 58
\BOOKMARK [1][-]{section.4.9}{\376\377\000R\000i\000s\000k\000\040\000A\000n\000a\000l\000y\000s\000i\000s}{chapter.4}% 59
\BOOKMARK [2][-]{subsection.4.9.1}{\376\377\000D\000a\000t\000a\000\040\000S\000e\000c\000u\000r\000i\000t\000y\000\040\000R\000i\000s\000k\000s}{section.4.9}% 60
\BOOKMARK [2][-]{subsection.4.9.2}{\376\377\000S\000y\000s\000t\000e\000m\000\040\000D\000o\000w\000n\000t\000i\000m\000e\000\040\000o\000r\000\040\000P\000e\000r\000f\000o\000r\000m\000a\000n\000c\000e\000\040\000I\000s\000s\000u\000e\000s}{section.4.9}% 61
\BOOKMARK [2][-]{subsection.4.9.3}{\376\377\000F\000i\000l\000e\000\040\000F\000o\000r\000m\000a\000t\000\040\000a\000n\000d\000\040\000S\000u\000b\000m\000i\000s\000s\000i\000o\000n\000\040\000I\000s\000s\000u\000e\000s}{section.4.9}% 62
\BOOKMARK [2][-]{subsection.4.9.4}{\376\377\000I\000n\000t\000e\000g\000r\000a\000t\000i\000o\000n\000\040\000w\000i\000t\000h\000\040\000U\000n\000i\000v\000e\000r\000s\000i\000t\000y\000\040\000S\000y\000s\000t\000e\000m\000s}{section.4.9}% 63
\BOOKMARK [1][-]{section.4.10}{\376\377\000C\000o\000n\000c\000l\000u\000s\000i\000o\000n}{chapter.4}% 64
\BOOKMARK [0][-]{chapter.5}{\376\377\000H\000i\000g\000h\000-\000L\000e\000v\000e\000l\000\040\000a\000n\000d\000\040\000L\000o\000w\000-\000L\000e\000v\000e\000l\000\040\000D\000e\000s\000i\000g\000n}{}% 65
\BOOKMARK [1][-]{section.5.1}{\376\377\000S\000y\000s\000t\000e\000m\000\040\000O\000v\000e\000r\000v\000i\000e\000w}{chapter.5}% 66
\BOOKMARK [1][-]{section.5.2}{\376\377\000D\000e\000s\000i\000g\000n\000\040\000C\000o\000n\000s\000i\000d\000e\000r\000a\000t\000i\000o\000n\000s}{chapter.5}% 67
\BOOKMARK [2][-]{subsection.5.2.1}{\376\377\000A\000s\000s\000u\000m\000p\000t\000i\000o\000n\000s\000\040\000a\000n\000d\000\040\000D\000e\000p\000e\000n\000d\000e\000n\000c\000i\000e\000s}{section.5.2}% 68
\BOOKMARK [2][-]{subsection.5.2.2}{\376\377\000G\000e\000n\000e\000r\000a\000l\000\040\000C\000o\000n\000s\000t\000r\000a\000i\000n\000t\000s}{section.5.2}% 69
\BOOKMARK [2][-]{subsection.5.2.3}{\376\377\000G\000o\000a\000l\000s\000\040\000a\000n\000d\000\040\000G\000u\000i\000d\000e\000l\000i\000n\000e\000s}{section.5.2}% 70
\BOOKMARK [2][-]{subsection.5.2.4}{\376\377\000D\000e\000v\000e\000l\000o\000p\000m\000e\000n\000t\000\040\000M\000e\000t\000h\000o\000d\000s}{section.5.2}% 71
\BOOKMARK [1][-]{section.5.3}{\376\377\000S\000y\000s\000t\000e\000m\000\040\000A\000r\000c\000h\000i\000t\000e\000c\000t\000u\000r\000e}{chapter.5}% 72
\BOOKMARK [2][-]{subsection.5.3.1}{\376\377\000S\000u\000b\000s\000y\000s\000t\000e\000m\000\040\000A\000r\000c\000h\000i\000t\000e\000c\000t\000u\000r\000e}{section.5.3}% 73
\BOOKMARK [1][-]{section.5.4}{\376\377\000A\000r\000c\000h\000i\000t\000e\000c\000t\000u\000r\000e\000\040\000S\000t\000r\000a\000t\000e\000g\000i\000e\000s}{chapter.5}% 74
\BOOKMARK [2][-]{subsection.5.4.1}{\376\377\000M\000o\000d\000u\000l\000a\000r\000i\000t\000y}{section.5.4}% 75
\BOOKMARK [2][-]{subsection.5.4.2}{\376\377\000R\000E\000S\000T\000f\000u\000l\000\040\000A\000P\000I\000\040\000D\000e\000s\000i\000g\000n}{section.5.4}% 76
\BOOKMARK [2][-]{subsection.5.4.3}{\376\377\000R\000e\000s\000p\000o\000n\000s\000i\000v\000e\000\040\000U\000I}{section.5.4}% 77
\BOOKMARK [2][-]{subsection.5.4.4}{\376\377\000S\000c\000a\000l\000a\000b\000i\000l\000i\000t\000y}{section.5.4}% 78
\BOOKMARK [2][-]{subsection.5.4.5}{\376\377\000S\000e\000c\000u\000r\000i\000t\000y}{section.5.4}% 79
\BOOKMARK [2][-]{subsection.5.4.6}{\376\377\000A\000g\000i\000l\000e\000\040\000D\000e\000v\000e\000l\000o\000p\000m\000e\000n\000t}{section.5.4}% 80
\BOOKMARK [1][-]{section.5.5}{\376\377\000D\000o\000m\000a\000i\000n\000\040\000M\000o\000d\000e\000l\000/\000C\000l\000a\000s\000s\000\040\000D\000i\000a\000g\000r\000a\000m}{chapter.5}% 81
\BOOKMARK [1][-]{section.5.6}{\376\377\000P\000o\000l\000i\000c\000i\000e\000s\000\040\000a\000n\000d\000\040\000T\000a\000c\000t\000i\000c\000s}{chapter.5}% 82
\BOOKMARK [2][-]{subsection.5.6.1}{\376\377\000S\000e\000c\000u\000r\000i\000t\000y\000\040\000P\000o\000l\000i\000c\000y}{section.5.6}% 83
\BOOKMARK [2][-]{subsection.5.6.2}{\376\377\000P\000e\000r\000f\000o\000r\000m\000a\000n\000c\000e\000\040\000O\000p\000t\000i\000m\000i\000z\000a\000t\000i\000o\000n\000\040\000T\000a\000c\000t\000i\000c\000s}{section.5.6}% 84
\BOOKMARK [2][-]{subsection.5.6.3}{\376\377\000T\000o\000o\000l\000s}{section.5.6}% 85
\BOOKMARK [2][-]{subsection.5.6.4}{\376\377\000D\000e\000v\000e\000l\000o\000p\000m\000e\000n\000t\000\040\000T\000a\000c\000t\000i\000c\000s}{section.5.6}% 86
\BOOKMARK [1][-]{section.5.7}{\376\377\000C\000o\000n\000c\000l\000u\000s\000i\000o\000n}{chapter.5}% 87
\BOOKMARK [0][-]{chapter.6}{\376\377\000I\000m\000p\000l\000e\000m\000e\000n\000t\000a\000t\000i\000o\000n\000\040\000a\000n\000d\000\040\000T\000e\000s\000t\000\040\000C\000a\000s\000e\000s}{}% 88
\BOOKMARK [1][-]{section.6.1}{\376\377\000I\000m\000p\000l\000e\000m\000e\000n\000t\000a\000t\000i\000o\000n}{chapter.6}% 89
\BOOKMARK [2][-]{subsection.6.1.1}{\376\377\000A\000u\000t\000h\000e\000n\000t\000i\000c\000a\000t\000i\000o\000n\000\040\000m\000o\000d\000u\000l\000e}{section.6.1}% 90
\BOOKMARK [2][-]{subsection.6.1.2}{\376\377\000F\000Y\000P\000\040\000M\000a\000n\000a\000g\000e\000m\000e\000n\000t\000\040\000m\000o\000d\000u\000l\000e}{section.6.1}% 91
\BOOKMARK [2][-]{subsection.6.1.3}{\376\377\000C\000h\000a\000t\000\040\000m\000o\000d\000u\000l\000e}{section.6.1}% 92
\BOOKMARK [2][-]{subsection.6.1.4}{\376\377\000L\000a\000t\000e\000x\000\040\000C\000h\000e\000c\000k\000i\000n\000g\000\040\000m\000o\000d\000u\000l\000e}{section.6.1}% 93
\BOOKMARK [0][-]{chapter.7}{\376\377\000C\000o\000n\000c\000l\000u\000s\000i\000o\000n\000\040\000a\000n\000d\000\040\000F\000u\000t\000u\000r\000e\000\040\000W\000o\000r\000k}{}% 94
